<?xml version="1.0" encoding="UTF-8"?>
<testng-results skipped="0" failed="0" ignored="0" total="1" passed="1">
  <reporter-output>
  </reporter-output>
  <suite name="Default suite" duration-ms="29041" started-at="2021-12-09T00:13:10 EST" finished-at="2021-12-09T00:13:39 EST">
    <groups>
    </groups>
    <test name="Default test" duration-ms="29041" started-at="2021-12-09T00:13:10 EST" finished-at="2021-12-09T00:13:39 EST">
      <class name="com.test.pnt.PNT_Project.SignInAmazon">
        <test-method status="PASS" signature="beforeMethod()[pri:0, instance:com.test.pnt.PNT_Project.SignInAmazon@4d95d2a2]" name="beforeMethod" is-config="true" duration-ms="6445" started-at="2021-12-09T00:13:10 EST" finished-at="2021-12-09T00:13:17 EST">
          <reporter-output>
          </reporter-output>
        </test-method> <!-- beforeMethod -->
        <test-method status="PASS" signature="f()[pri:0, instance:com.test.pnt.PNT_Project.SignInAmazon@4d95d2a2]" name="f" duration-ms="18340" started-at="2021-12-09T00:13:17 EST" finished-at="2021-12-09T00:13:35 EST">
          <reporter-output>
          </reporter-output>
        </test-method> <!-- f -->
        <test-method status="PASS" signature="afterMethod()[pri:0, instance:com.test.pnt.PNT_Project.SignInAmazon@4d95d2a2]" name="afterMethod" is-config="true" duration-ms="4200" started-at="2021-12-09T00:13:35 EST" finished-at="2021-12-09T00:13:39 EST">
          <reporter-output>
          </reporter-output>
        </test-method> <!-- afterMethod -->
      </class> <!-- com.test.pnt.PNT_Project.SignInAmazon -->
    </test> <!-- Default test -->
  </suite> <!-- Default suite -->
</testng-results>
