<?xml version="1.0" encoding="UTF-8"?>
<testng-results skipped="0" failed="0" ignored="0" total="1" passed="1">
  <reporter-output>
  </reporter-output>
  <suite name="Default suite" duration-ms="17669" started-at="2021-12-09T17:08:43 EST" finished-at="2021-12-09T17:09:00 EST">
    <groups>
    </groups>
    <test name="Default test" duration-ms="17669" started-at="2021-12-09T17:08:43 EST" finished-at="2021-12-09T17:09:00 EST">
      <class name="com.FaceBookSignUp.Test.CreateFBAccount">
        <test-method status="PASS" signature="beforeMethod()[pri:0, instance:com.FaceBookSignUp.Test.CreateFBAccount@76b0bfab]" name="beforeMethod" is-config="true" duration-ms="3743" started-at="2021-12-09T17:08:43 EST" finished-at="2021-12-09T17:08:47 EST">
          <reporter-output>
          </reporter-output>
        </test-method> <!-- beforeMethod -->
        <test-method status="PASS" signature="CreateAcountTest()[pri:0, instance:com.FaceBookSignUp.Test.CreateFBAccount@76b0bfab]" name="CreateAcountTest" duration-ms="9677" started-at="2021-12-09T17:08:47 EST" finished-at="2021-12-09T17:08:56 EST">
          <reporter-output>
          </reporter-output>
        </test-method> <!-- CreateAcountTest -->
        <test-method status="PASS" signature="afterMethod()[pri:0, instance:com.FaceBookSignUp.Test.CreateFBAccount@76b0bfab]" name="afterMethod" is-config="true" duration-ms="4190" started-at="2021-12-09T17:08:56 EST" finished-at="2021-12-09T17:09:00 EST">
          <reporter-output>
          </reporter-output>
        </test-method> <!-- afterMethod -->
      </class> <!-- com.FaceBookSignUp.Test.CreateFBAccount -->
    </test> <!-- Default test -->
  </suite> <!-- Default suite -->
</testng-results>
